[17:48:29] [Server thread/INFO]: Starting minecraft server version 1.8
[17:48:29] [Server thread/INFO]: Loading properties
[17:48:29] [Server thread/INFO]: Default game type: SURVIVAL
[17:48:30] [Server thread/INFO]: This server is running CraftBukkit version git-Spigot-c3c767f-33d5de3 (MC: 1.8) (Implementing API version 1.8-R0.1-SNAPSHOT)
[17:48:30] [Server thread/INFO]: Debug logging is disabled
[17:48:30] [Server thread/INFO]: Server Ping Player Sample Count: 12
[17:48:30] [Server thread/INFO]: Using 4 threads for Netty based IO
[17:48:30] [Server thread/INFO]: Generating keypair
[17:48:30] [Server thread/INFO]: Starting Minecraft server on *:25565
[17:48:31] [Server thread/WARN]: Plugin `Rotten_Flesh_to_Leather v1.0' uses the space-character (0x20) in its name `Rotten Flesh to Leather' - this is discouraged
[17:48:31] [Server thread/INFO]: Set PluginClassLoader as parallel capable
[17:48:31] [Server thread/ERROR]: ebean.properties not found
[17:48:31] [Server thread/INFO]: DataSourcePool [HomeSpawnPlus] autoCommit[false] transIsolation[SERIALIZABLE] min[2] max[20]
[17:48:31] [Server thread/INFO]: SubClassFactory parent ClassLoader [org.bukkit.plugin.java.PluginClassLoader]
[17:48:31] [Server thread/INFO]: Entities enhanced[0] subclassed[7]
[17:48:31] [Server thread/INFO]: [WorldBorder] Loading WorldBorder v1.8.3
[17:48:31] [Server thread/INFO]: [AsyncWorldEditInjector] Loading AsyncWorldEditInjector v2.1.3
[17:48:31] [Server thread/INFO]: [Craftconomy3] Loading Craftconomy3 v3.2.1-13814c0-trv139
[17:48:31] [Server thread/INFO]: [LegendaryWeapons] Loading LegendaryWeapons v1.5
[17:48:31] [Server thread/INFO]: [Vault] Loading Vault v1.5.3-b37
[17:48:31] [Server thread/INFO]: [Multiverse-Core] Loading Multiverse-Core v2.5-b692
[17:48:32] [Server thread/INFO]: [Rotten_Flesh_to_Leather] Loading Rotten_Flesh_to_Leather v1.0
[17:48:32] [Server thread/INFO]: [TreeAssist] Loading TreeAssist v5.8.89
[17:48:32] [Server thread/INFO]: [ColoredTablist] Loading ColoredTablist v2.1.2
[17:48:32] [Server thread/INFO]: [GriefNotice] Loading GriefNotice v1.3
[17:48:32] [Server thread/INFO]: [RandomTeleport] Loading RandomTeleport vmaven-version-number
[17:48:32] [Server thread/INFO]: [ExtraStorage] Loading ExtraStorage v0.8
[17:48:32] [Server thread/INFO]: [Announcer] Loading Announcer v1.5
[17:48:32] [Server thread/INFO]: [OpenInv] Loading OpenInv v2.2.9
[17:48:32] [Server thread/INFO]: [CostRepair] Loading CostRepair v1.0
[17:48:32] [Server thread/INFO]: [ProtocolLib] Loading ProtocolLib v3.6.3-SNAPSHOT
[17:48:32] [Server thread/INFO]: [Votifier] Loading Votifier v1.9
[17:48:32] [Server thread/INFO]: [BetterAlias] Loading BetterAlias v1.5.2
[17:48:32] [Server thread/INFO]: [SimpleVoteListener] Loading SimpleVoteListener v2.6
[17:48:32] [Server thread/INFO]: [WorldEdit] Loading WorldEdit v6.0.2-SNAPSHOT;3364-1209e484
[17:48:32] [Server thread/INFO]: [Multiverse-Inventories] Loading Multiverse-Inventories v2.5-b383
[17:48:32] [Server thread/INFO]: [VanishNoPacket] Loading VanishNoPacket v3.19.1
[17:48:32] [Server thread/INFO]: [DonatorExpress] Loading DonatorExpress v1.6.8
[17:48:32] [Server thread/INFO]: [PluginReloader] Loading PluginReloader v1.3.1
[17:48:32] [Server thread/INFO]: [PermissionsEx] Loading PermissionsEx v1.23.1
[17:48:32] [Server thread/INFO]: [LWC] Loading LWC v4.4.0 (b881) (July 11, 2013)
[17:48:32] [Server thread/INFO]: [boosCooldowns] Loading boosCooldowns v3.8.6
[17:48:32] [Server thread/INFO]: [Commandspy] Loading Commandspy v3.1.2
[17:48:32] [Server thread/INFO]: [Modifyworld] Loading Modifyworld v1.19.7
[17:48:32] [Server thread/INFO]: [FirstJoinPlus] Loading FirstJoinPlus v2.2
[17:48:32] [Server thread/INFO]: [TelePlusPlus] Loading TelePlusPlus v2.0.4
[17:48:32] [Server thread/INFO]: [Herochat] Loading Herochat v5.6.7-SNAPSHOT
[17:48:32] [Server thread/INFO]: [MobHunting] Loading MobHunting v1.8.6
[17:48:32] [Server thread/INFO]: [Multiverse-Portals] Loading Multiverse-Portals v2.5-bUNKNOWN
[17:48:32] [Server thread/INFO]: [Multiverse-SignPortals] Loading Multiverse-SignPortals v2.5-b673
[17:48:32] [Server thread/INFO]: [CommandBook] Loading CommandBook v2.4:1692-75bb1c8,master
[17:48:32] [Server thread/INFO]: [CriLisCraft] Loading CriLisCraft v1.10.3-SNAPSHOT
[17:48:32] [Server thread/INFO]: [PD] Loading PlayerData v4.0.0
[17:48:32] [Server thread/INFO]: [Prism] Loading Prism v2.0.4-18
[17:48:32] [Server thread/INFO]: [MCBans] Loading MCBans v4.3.5
[17:48:32] [Server thread/INFO]: [AsyncWorldEdit] Loading AsyncWorldEdit v2.1.5
[17:48:32] [Server thread/INFO]: [VirtualPack] Loading VirtualPack v2.8.1
[17:48:32] [Server thread/INFO]: [Multiverse-NetherPortals] Loading Multiverse-NetherPortals v2.5-b685
[17:48:32] [Server thread/INFO]: [WorldGuard] Loading WorldGuard v6.0.0-SNAPSHOT.1586-
[17:48:32] [Server thread/INFO]: [AreaShop] Loading AreaShop v2.1.5
[17:48:32] [Server thread/INFO]: [HomeSpawnPlus] Loading HomeSpawnPlus v2.0-b610
[17:48:32] [Server thread/INFO]: [CraftBook] Loading CraftBook v3.9-SNAPSHOT.3895-
[17:48:32] [Server thread/INFO]: [ChestShop] Loading ChestShop v3.8.7
[17:48:32] [Server thread/INFO]: [EchoPet] Loading EchoPet v2.6.1-SNAPSHOT-b16
[17:48:32] [Server thread/INFO]: [AsyncWorldEditInjector] Enabling AsyncWorldEditInjector v2.1.3
[17:48:32] [Server thread/INFO]: [AsyncWorldEditInjector] Injector platform set to: InjectorBukkit
[17:48:32] [Server thread/INFO]: [AsyncWorldEditInjector] Injecting WorldEdit classes...
[17:48:32] [Server thread/INFO]: [AsyncWorldEditInjector] Class com.sk89q.worldedit.EditSession injected.
[17:48:32] [Server thread/INFO]: [AsyncWorldEditInjector] Class com.sk89q.worldedit.function.operation.Operations injected.
[17:48:32] [Server thread/INFO]: [AsyncWorldEditInjector] Class com.sk89q.worldedit.command.SchematicCommands injected.
[17:48:32] [Server thread/INFO]: [AsyncWorldEditInjector] Class com.sk89q.worldedit.command.ScriptingCommands injected.
[17:48:32] [Server thread/INFO]: [AsyncWorldEditInjector] Enabled
[17:48:32] [Server thread/INFO]: [Vault] Enabling Vault v1.5.3-b37
[17:48:32] [Server thread/INFO]: [Vault] [Economy] CraftConomy3 found: Waiting
[17:48:32] [Server thread/INFO]: [Vault] [Permission] PermissionsEx found: Waiting
[17:48:32] [Server thread/INFO]: [Vault] [Permission] SuperPermissions loaded as backup permission system.
[17:48:32] [Server thread/INFO]: [Vault] [Chat] PermissionsEx found: Waiting
[17:48:32] [Server thread/INFO]: [Vault] Enabled Version 1.5.3-b37
[17:48:32] [Server thread/INFO]: [ProtocolLib] Enabling ProtocolLib v3.6.3-SNAPSHOT
[17:48:32] [Server thread/INFO]: [ProtocolLib] Started structure compiler thread.
[17:48:32] [Server thread/INFO]: [LWC] Enabling LWC v4.4.0 (b881) (July 11, 2013)
[17:48:32] [Server thread/INFO]: [LWC] Connecting to SQLite
[17:48:32] [Server thread/INFO]: **** Beginning UUID conversion, this may take A LONG time ****
[17:48:32] [Server thread/INFO]: Preparing level "world"
[17:48:32] [Server thread/INFO]: -------- World Settings For [world] --------
[17:48:32] [Server thread/INFO]: Mob Spawn Range: 4
[17:48:32] [Server thread/INFO]: Anti X-Ray: true
[17:48:32] [Server thread/INFO]: 	Engine Mode: 1
[17:48:32] [Server thread/INFO]: 	Hidden Blocks: [14, 15, 16, 21, 48, 49, 54, 56, 73, 74, 82, 129, 130]
[17:48:32] [Server thread/INFO]: 	Replace Blocks: [1, 5]
[17:48:32] [Server thread/INFO]: Nerfing mobs spawned from spawners: false
[17:48:32] [Server thread/INFO]: Cactus Growth Modifier: 100%
[17:48:32] [Server thread/INFO]: Cane Growth Modifier: 100%
[17:48:32] [Server thread/INFO]: Melon Growth Modifier: 100%
[17:48:32] [Server thread/INFO]: Mushroom Growth Modifier: 100%
[17:48:32] [Server thread/INFO]: Pumpkin Growth Modifier: 100%
[17:48:32] [Server thread/INFO]: Sapling Growth Modifier: 100%
[17:48:32] [Server thread/INFO]: Wheat Growth Modifier: 100%
[17:48:32] [Server thread/INFO]: Entity Activation Range: An 32 / Mo 32 / Mi 16
[17:48:32] [Server thread/INFO]: Entity Tracking Range: Pl 48 / An 48 / Mo 48 / Mi 32 / Other 64
[17:48:32] [Server thread/INFO]: Alternative Hopper Ticking: false
[17:48:32] [Server thread/INFO]: Hopper Transfer: 8 Hopper Check: 8 Hopper Amount: 1
[17:48:32] [Server thread/INFO]: Random Lighting Updates: false
[17:48:32] [Server thread/INFO]: Structure Info Saving: true
[17:48:32] [Server thread/INFO]: Sending up to 10 chunks per packet
[17:48:32] [Server thread/INFO]: Max Entity Collisions: 8
[17:48:32] [Server thread/INFO]: Custom Map Seeds:  Village: 10387312 Feature: 14357617
[17:48:32] [Server thread/INFO]: Max TNT Explosions: 100
[17:48:32] [Server thread/INFO]: Tile Max Tick Time: 50ms Entity max Tick Time: 50ms
[17:48:32] [Server thread/INFO]: Item Merge Radius: 2.5
[17:48:32] [Server thread/INFO]: Item Despawn Rate: 6000
[17:48:32] [Server thread/INFO]: Arrow Despawn Rate: 1200
[17:48:32] [Server thread/INFO]: Allow Zombie Pigmen to spawn from portal blocks: true
[17:48:32] [Server thread/INFO]: View Distance: 10
[17:48:32] [Server thread/INFO]: Zombie Aggressive Towards Villager: true
[17:48:32] [Server thread/INFO]: Chunks to Grow per Tick: 650
[17:48:32] [Server thread/INFO]: Clear tick list: false
[17:48:32] [Server thread/INFO]: Experience Merge Radius: 3.0
[17:48:32] [Server thread/INFO]: -------- World Settings For [world_nether] --------
[17:48:32] [Server thread/INFO]: Mob Spawn Range: 4
[17:48:32] [Server thread/INFO]: Anti X-Ray: true
[17:48:32] [Server thread/INFO]: 	Engine Mode: 1
[17:48:32] [Server thread/INFO]: 	Hidden Blocks: [14, 15, 16, 21, 48, 49, 54, 56, 73, 74, 82, 129, 130]
[17:48:32] [Server thread/INFO]: 	Replace Blocks: [1, 5]
[17:48:32] [Server thread/INFO]: Nerfing mobs spawned from spawners: false
[17:48:32] [Server thread/INFO]: Cactus Growth Modifier: 100%
[17:48:32] [Server thread/INFO]: Cane Growth Modifier: 100%
[17:48:32] [Server thread/INFO]: Melon Growth Modifier: 100%
[17:48:32] [Server thread/INFO]: Mushroom Growth Modifier: 100%
[17:48:32] [Server thread/INFO]: Pumpkin Growth Modifier: 100%
[17:48:32] [Server thread/INFO]: Sapling Growth Modifier: 100%
[17:48:32] [Server thread/INFO]: Wheat Growth Modifier: 100%
[17:48:32] [Server thread/INFO]: Entity Activation Range: An 32 / Mo 32 / Mi 16
[17:48:32] [Server thread/INFO]: Entity Tracking Range: Pl 48 / An 48 / Mo 48 / Mi 32 / Other 64
[17:48:32] [Server thread/INFO]: Alternative Hopper Ticking: false
[17:48:32] [Server thread/INFO]: Hopper Transfer: 8 Hopper Check: 8 Hopper Amount: 1
[17:48:32] [Server thread/INFO]: Random Lighting Updates: false
[17:48:32] [Server thread/INFO]: Structure Info Saving: true
[17:48:32] [Server thread/INFO]: Sending up to 10 chunks per packet
[17:48:32] [Server thread/INFO]: Max Entity Collisions: 8
[17:48:32] [Server thread/INFO]: Custom Map Seeds:  Village: 10387312 Feature: 14357617
[17:48:32] [Server thread/INFO]: Max TNT Explosions: 100
[17:48:32] [Server thread/INFO]: Tile Max Tick Time: 50ms Entity max Tick Time: 50ms
[17:48:32] [Server thread/INFO]: Item Merge Radius: 2.5
[17:48:32] [Server thread/INFO]: Item Despawn Rate: 6000
[17:48:32] [Server thread/INFO]: Arrow Despawn Rate: 1200
[17:48:32] [Server thread/INFO]: Allow Zombie Pigmen to spawn from portal blocks: true
[17:48:32] [Server thread/INFO]: View Distance: 10
[17:48:32] [Server thread/INFO]: Zombie Aggressive Towards Villager: true
[17:48:32] [Server thread/INFO]: Chunks to Grow per Tick: 650
[17:48:32] [Server thread/INFO]: Clear tick list: false
[17:48:32] [Server thread/INFO]: Experience Merge Radius: 3.0
[17:48:32] [Server thread/INFO]: -------- World Settings For [world_the_end] --------
[17:48:32] [Server thread/INFO]: Mob Spawn Range: 4
[17:48:32] [Server thread/INFO]: Anti X-Ray: true
[17:48:32] [Server thread/INFO]: 	Engine Mode: 1
[17:48:32] [Server thread/INFO]: 	Hidden Blocks: [14, 15, 16, 21, 48, 49, 54, 56, 73, 74, 82, 129, 130]
[17:48:32] [Server thread/INFO]: 	Replace Blocks: [1, 5]
[17:48:32] [Server thread/INFO]: Nerfing mobs spawned from spawners: false
[17:48:32] [Server thread/INFO]: Cactus Growth Modifier: 100%
[17:48:32] [Server thread/INFO]: Cane Growth Modifier: 100%
[17:48:32] [Server thread/INFO]: Melon Growth Modifier: 100%
[17:48:32] [Server thread/INFO]: Mushroom Growth Modifier: 100%
[17:48:32] [Server thread/INFO]: Pumpkin Growth Modifier: 100%
[17:48:32] [Server thread/INFO]: Sapling Growth Modifier: 100%
[17:48:32] [Server thread/INFO]: Wheat Growth Modifier: 100%
[17:48:32] [Server thread/INFO]: Entity Activation Range: An 32 / Mo 32 / Mi 16
[17:48:32] [Server thread/INFO]: Entity Tracking Range: Pl 48 / An 48 / Mo 48 / Mi 32 / Other 64
[17:48:32] [Server thread/INFO]: Alternative Hopper Ticking: false
[17:48:32] [Server thread/INFO]: Hopper Transfer: 8 Hopper Check: 8 Hopper Amount: 1
[17:48:32] [Server thread/INFO]: Random Lighting Updates: false
[17:48:32] [Server thread/INFO]: Structure Info Saving: true
[17:48:32] [Server thread/INFO]: Sending up to 10 chunks per packet
[17:48:32] [Server thread/INFO]: Max Entity Collisions: 8
[17:48:32] [Server thread/INFO]: Custom Map Seeds:  Village: 10387312 Feature: 14357617
[17:48:32] [Server thread/INFO]: Max TNT Explosions: 100
[17:48:32] [Server thread/INFO]: Tile Max Tick Time: 50ms Entity max Tick Time: 50ms
[17:48:32] [Server thread/INFO]: Item Merge Radius: 2.5
[17:48:32] [Server thread/INFO]: Item Despawn Rate: 6000
[17:48:32] [Server thread/INFO]: Arrow Despawn Rate: 1200
[17:48:32] [Server thread/INFO]: Allow Zombie Pigmen to spawn from portal blocks: true
[17:48:32] [Server thread/INFO]: View Distance: 10
[17:48:32] [Server thread/INFO]: Zombie Aggressive Towards Villager: true
[17:48:32] [Server thread/INFO]: Chunks to Grow per Tick: 650
[17:48:32] [Server thread/INFO]: Clear tick list: false
[17:48:32] [Server thread/INFO]: Experience Merge Radius: 3.0
[17:48:32] [Server thread/INFO]: Preparing start region for level 0 (Seed: 1106934298764246400)
[17:48:33] [Server thread/INFO]: Preparing spawn area: 50%
[17:48:34] [Server thread/INFO]: Preparing start region for level 1 (Seed: 1562017865735602229)
[17:48:35] [Server thread/INFO]: Preparing start region for level 2 (Seed: 1562017865735602229)
[17:48:35] [Server thread/INFO]: [WorldBorder] Enabling WorldBorder v1.8.3
[17:48:35] [Server thread/INFO]: [WorldBorder] [CONFIG] Using elliptic/round border, knockback of 3.0 blocks, and timer delay of 5.
[17:48:35] [Server thread/INFO]: [WorldBorder] [CONFIG] Border-checking timed task started.
[17:48:35] [Server thread/INFO]: [WorldBorder] [CONFIG] World "1dot8" has border radius 5000 at X: 108.0 Z: 98.0
[17:48:35] [Server thread/INFO]: [WorldBorder] [CONFIG] World "legdom" has border radius 3000 at X: 2.5 Z: 2.5
[17:48:35] [Server thread/INFO]: [WorldBorder] [CONFIG] World "legdomflat" has border radius 976 at X: 0.0 Z: 0.0
[17:48:35] [Server thread/INFO]: [WorldBorder] [CONFIG] World "world" has border radius 5150 at X: 110.5 Z: 98.5
[17:48:35] [Server thread/INFO]: [WorldBorder] [CONFIG] World "C1" has border radius 5000 at X: -2.0 Z: -12.0
[17:48:35] [Server thread/INFO]: [WorldBorder] [CONFIG] World "Donater" has border radius 5000 at X: 0.0 Z: 0.0
[17:48:35] [Server thread/INFO]: [WorldBorder] [CONFIG] World "CriLisLand" has border radius 1000 at X: 0.5 Z: 0.5
[17:48:35] [Server thread/INFO]: [WorldBorder] For reference, the main world's spawn location is at X: 110.0 Y: 65.0 Z: 98.0
[17:48:35] [Server thread/INFO]: [Craftconomy3] Enabling Craftconomy3 v3.2.1-13814c0-trv139
[17:48:35] [Server thread/INFO]: [Craftconomy3] Starting up!
[17:48:35] [Server thread/INFO]: [Craftconomy3] Loading the Configuration
[17:48:36] [Server thread/INFO]: [Craftconomy3] Loading listeners.
[17:48:36] [Server thread/INFO]: [Craftconomy3] Loading commands
[17:48:36] [Server thread/INFO]: [Craftconomy3] Loading the Database Manager
[17:48:36] [Server thread/WARN]: SLF4J: Failed to load class "org.slf4j.impl.StaticLoggerBinder".
[17:48:36] [Server thread/WARN]: SLF4J: Defaulting to no-operation (NOP) logger implementation
[17:48:36] [Server thread/WARN]: SLF4J: See http://www.slf4j.org/codes.html#StaticLoggerBinder for further details.
[17:48:37] [Server thread/INFO]: [Craftconomy3] Database Manager Loaded!
[17:48:37] [Server thread/INFO]: [Craftconomy3] Loading the Currency manager.
[17:48:37] [Server thread/INFO]: [Craftconomy3] Currency Manager Loaded!
[17:48:37] [Server thread/INFO]: [Craftconomy3] Loading default settings.
[17:48:37] [Server thread/INFO]: [Craftconomy3] Default settings loaded!
[17:48:37] [Server thread/INFO]: [Craftconomy3] Loading the Account Manager
[17:48:37] [Server thread/INFO]: [Craftconomy3] Starting Metrics.
[17:48:37] [Server thread/INFO]: [Craftconomy3] Account Manager Loaded!
[17:48:37] [Server thread/INFO]: [Craftconomy3] World Group Manager loaded!
[17:48:37] [Server thread/INFO]: [Craftconomy3] Ready!
[17:48:37] [Server thread/INFO]: [Vault][Economy] Craftconomy3 hooked.
[17:48:37] [Server thread/INFO]: [LegendaryWeapons] Enabling LegendaryWeapons v1.5
[17:48:37] [Server thread/INFO]: [LegendaryWeapons] Loaded 10 weapons from the config
[17:48:37] [Server thread/INFO]: [Multiverse-Core] Enabling Multiverse-Core v2.5-b692
[17:48:37] [Server thread/INFO]: [Multiverse-Core] [AllPay] - Version 13.0 - using only an item based economy for Multiverse-Core v2.5-b692
[17:48:37] [Server thread/INFO]: -------- World Settings For [legdom] --------
[17:48:37] [Server thread/INFO]: Mob Spawn Range: 4
[17:48:37] [Server thread/INFO]: Anti X-Ray: true
[17:48:37] [Server thread/INFO]: 	Engine Mode: 1
[17:48:37] [Server thread/INFO]: 	Hidden Blocks: [14, 15, 16, 21, 48, 49, 54, 56, 73, 74, 82, 129, 130]
[17:48:37] [Server thread/INFO]: 	Replace Blocks: [1, 5]
[17:48:37] [Server thread/INFO]: Nerfing mobs spawned from spawners: false
[17:48:37] [Server thread/INFO]: Cactus Growth Modifier: 100%
[17:48:37] [Server thread/INFO]: Cane Growth Modifier: 100%
[17:48:37] [Server thread/INFO]: Melon Growth Modifier: 100%
[17:48:37] [Server thread/INFO]: Mushroom Growth Modifier: 100%
[17:48:37] [Server thread/INFO]: Pumpkin Growth Modifier: 100%
[17:48:37] [Server thread/INFO]: Sapling Growth Modifier: 100%
[17:48:37] [Server thread/INFO]: Wheat Growth Modifier: 100%
[17:48:37] [Server thread/INFO]: Entity Activation Range: An 32 / Mo 32 / Mi 16
[17:48:37] [Server thread/INFO]: Entity Tracking Range: Pl 48 / An 48 / Mo 48 / Mi 32 / Other 64
[17:48:37] [Server thread/INFO]: Alternative Hopper Ticking: false
[17:48:37] [Server thread/INFO]: Hopper Transfer: 8 Hopper Check: 8 Hopper Amount: 1
[17:48:37] [Server thread/INFO]: Random Lighting Updates: false
[17:48:37] [Server thread/INFO]: Structure Info Saving: true
[17:48:37] [Server thread/INFO]: Sending up to 10 chunks per packet
[17:48:37] [Server thread/INFO]: Max Entity Collisions: 8
[17:48:37] [Server thread/INFO]: Custom Map Seeds:  Village: 10387312 Feature: 14357617
[17:48:37] [Server thread/INFO]: Max TNT Explosions: 100
[17:48:37] [Server thread/INFO]: Tile Max Tick Time: 50ms Entity max Tick Time: 50ms
[17:48:37] [Server thread/INFO]: Item Merge Radius: 2.5
[17:48:37] [Server thread/INFO]: Item Despawn Rate: 6000
[17:48:37] [Server thread/INFO]: Arrow Despawn Rate: 1200
[17:48:37] [Server thread/INFO]: Allow Zombie Pigmen to spawn from portal blocks: true
[17:48:37] [Server thread/INFO]: View Distance: 10
[17:48:37] [Server thread/INFO]: Zombie Aggressive Towards Villager: true
[17:48:37] [Server thread/INFO]: Chunks to Grow per Tick: 650
[17:48:37] [Server thread/INFO]: Clear tick list: false
[17:48:37] [Server thread/INFO]: Experience Merge Radius: 3.0
[17:48:37] [Server thread/INFO]: Preparing start region for level 3 (Seed: 69078665643194239)
[17:48:38] [Server thread/INFO]: -------- World Settings For [CriLisLand] --------
[17:48:38] [Server thread/INFO]: Mob Spawn Range: 4
[17:48:38] [Server thread/INFO]: Anti X-Ray: true
[17:48:38] [Server thread/INFO]: 	Engine Mode: 1
[17:48:38] [Server thread/INFO]: 	Hidden Blocks: [14, 15, 16, 21, 48, 49, 54, 56, 73, 74, 82, 129, 130]
[17:48:38] [Server thread/INFO]: 	Replace Blocks: [1, 5]
[17:48:38] [Server thread/INFO]: Nerfing mobs spawned from spawners: false
[17:48:38] [Server thread/INFO]: Cactus Growth Modifier: 100%
[17:48:38] [Server thread/INFO]: Cane Growth Modifier: 100%
[17:48:38] [Server thread/INFO]: Melon Growth Modifier: 100%
[17:48:38] [Server thread/INFO]: Mushroom Growth Modifier: 100%
[17:48:38] [Server thread/INFO]: Pumpkin Growth Modifier: 100%
[17:48:38] [Server thread/INFO]: Sapling Growth Modifier: 100%
[17:48:38] [Server thread/INFO]: Wheat Growth Modifier: 100%
[17:48:38] [Server thread/INFO]: Entity Activation Range: An 32 / Mo 32 / Mi 16
[17:48:38] [Server thread/INFO]: Entity Tracking Range: Pl 48 / An 48 / Mo 48 / Mi 32 / Other 64
[17:48:38] [Server thread/INFO]: Alternative Hopper Ticking: false
[17:48:38] [Server thread/INFO]: Hopper Transfer: 8 Hopper Check: 8 Hopper Amount: 1
[17:48:38] [Server thread/INFO]: Random Lighting Updates: false
[17:48:38] [Server thread/INFO]: Structure Info Saving: true
[17:48:38] [Server thread/INFO]: Sending up to 10 chunks per packet
[17:48:38] [Server thread/INFO]: Max Entity Collisions: 8
[17:48:38] [Server thread/INFO]: Custom Map Seeds:  Village: 10387312 Feature: 14357617
[17:48:38] [Server thread/INFO]: Max TNT Explosions: 100
[17:48:38] [Server thread/INFO]: Tile Max Tick Time: 50ms Entity max Tick Time: 50ms
[17:48:38] [Server thread/INFO]: Item Merge Radius: 2.5
[17:48:38] [Server thread/INFO]: Item Despawn Rate: 6000
[17:48:38] [Server thread/INFO]: Arrow Despawn Rate: 1200
[17:48:38] [Server thread/INFO]: Allow Zombie Pigmen to spawn from portal blocks: true
[17:48:38] [Server thread/INFO]: View Distance: 10
[17:48:38] [Server thread/INFO]: Zombie Aggressive Towards Villager: true
[17:48:38] [Server thread/INFO]: Chunks to Grow per Tick: 650
[17:48:38] [Server thread/INFO]: Clear tick list: false
[17:48:38] [Server thread/INFO]: Experience Merge Radius: 3.0
[17:48:38] [Server thread/INFO]: Preparing start region for level 4 (Seed: 4403492111324961164)
[17:48:39] [Server thread/INFO]: Preparing spawn area for CriLisLand, 77%
[17:48:39] [Server thread/INFO]: -------- World Settings For [ChakaLand] --------
[17:48:39] [Server thread/INFO]: Mob Spawn Range: 4
[17:48:39] [Server thread/INFO]: Anti X-Ray: true
[17:48:39] [Server thread/INFO]: 	Engine Mode: 1
[17:48:39] [Server thread/INFO]: 	Hidden Blocks: [14, 15, 16, 21, 48, 49, 54, 56, 73, 74, 82, 129, 130]
[17:48:39] [Server thread/INFO]: 	Replace Blocks: [1, 5]
[17:48:39] [Server thread/INFO]: Nerfing mobs spawned from spawners: false
[17:48:39] [Server thread/INFO]: Cactus Growth Modifier: 100%
[17:48:39] [Server thread/INFO]: Cane Growth Modifier: 100%
[17:48:39] [Server thread/INFO]: Melon Growth Modifier: 100%
[17:48:39] [Server thread/INFO]: Mushroom Growth Modifier: 100%
[17:48:39] [Server thread/INFO]: Pumpkin Growth Modifier: 100%
[17:48:39] [Server thread/INFO]: Sapling Growth Modifier: 100%
[17:48:39] [Server thread/INFO]: Wheat Growth Modifier: 100%
[17:48:39] [Server thread/INFO]: Entity Activation Range: An 32 / Mo 32 / Mi 16
[17:48:39] [Server thread/INFO]: Entity Tracking Range: Pl 48 / An 48 / Mo 48 / Mi 32 / Other 64
[17:48:39] [Server thread/INFO]: Alternative Hopper Ticking: false
[17:48:39] [Server thread/INFO]: Hopper Transfer: 8 Hopper Check: 8 Hopper Amount: 1
[17:48:39] [Server thread/INFO]: Random Lighting Updates: false
[17:48:39] [Server thread/INFO]: Structure Info Saving: true
[17:48:39] [Server thread/INFO]: Sending up to 10 chunks per packet
[17:48:39] [Server thread/INFO]: Max Entity Collisions: 8
[17:48:39] [Server thread/INFO]: Custom Map Seeds:  Village: 10387312 Feature: 14357617
[17:48:39] [Server thread/INFO]: Max TNT Explosions: 100
[17:48:39] [Server thread/INFO]: Tile Max Tick Time: 50ms Entity max Tick Time: 50ms
[17:48:39] [Server thread/INFO]: Item Merge Radius: 2.5
[17:48:39] [Server thread/INFO]: Item Despawn Rate: 6000
[17:48:39] [Server thread/INFO]: Arrow Despawn Rate: 1200
[17:48:39] [Server thread/INFO]: Allow Zombie Pigmen to spawn from portal blocks: true
[17:48:39] [Server thread/INFO]: View Distance: 10
[17:48:39] [Server thread/INFO]: Zombie Aggressive Towards Villager: true
[17:48:39] [Server thread/INFO]: Chunks to Grow per Tick: 650
[17:48:39] [Server thread/INFO]: Clear tick list: false
[17:48:39] [Server thread/INFO]: Experience Merge Radius: 3.0
[17:48:39] [Server thread/INFO]: Preparing start region for level 5 (Seed: 5079552117183957350)
[17:48:40] [Server thread/INFO]: Could not set generator for world 'world': Plugin 'TerrainControl' does not exist
[17:48:41] [Server thread/INFO]: [Multiverse-Core] 6 - World(s) loaded.
[17:48:41] [Server thread/INFO]: [Multiverse-Core] Version 2.5-b692 (API v18) Enabled - By Rigby, fernferret, lithium3141 and main--
[17:48:41] [Server thread/INFO]: [Rotten_Flesh_to_Leather] Enabling Rotten_Flesh_to_Leather v1.0
[17:48:41] [Server thread/INFO]: [Rotten_Flesh_to_Leather] Rotten Flesh to Leather has been enabled.
[17:48:41] [Server thread/INFO]: [TreeAssist] Enabling TreeAssist v5.8.89
[17:48:41] [Server thread/INFO]: [TreeAssist] debugging: off
[17:48:41] [Server thread/INFO]: [ColoredTablist] Enabling ColoredTablist v2.1.2
[17:48:41] [Server thread/INFO]: Server not running on 1.7.9-R0.1. Disabling invisibility Feature!
[17:48:41] [Server thread/INFO]: [ColoredTablist] Config loaded
[17:48:41] [Server thread/INFO]: [GriefNotice] Enabling GriefNotice v1.3
[17:48:41] [Server thread/INFO]: [RandomTeleport] Enabling RandomTeleport vmaven-version-number
[17:48:41] [Server thread/INFO]: [RandomTP] Auto-Updater disabled! If you would like to have RandomTP Update itself please set Enable to true!
[17:48:41] [Server thread/INFO]: [RandomTP] Enabled!
[17:48:41] [Server thread/INFO]: [ExtraStorage] Enabling ExtraStorage v0.8
[17:48:41] [Server thread/INFO]: [ExtraStorage] Enabled successfully.
[17:48:41] [Server thread/INFO]: [Announcer] Enabling Announcer v1.5
[17:48:42] [Server thread/INFO]: Announcer v1.5 is enabled!

[17:48:42] [Server thread/INFO]: [OpenInv] Enabling OpenInv v2.2.9
[17:48:42] [Server thread/INFO]: [CostRepair] Enabling CostRepair v1.0
[17:48:42] [Server thread/INFO]: [CostRepair] Vault and Economy handler found.
[17:48:42] [Server thread/INFO]: [Votifier] Enabling Votifier v1.9
[17:48:42] [Server thread/INFO]: [Votifier] Votifier enabled.
[17:48:42] [Server thread/INFO]: [BetterAlias] Enabling BetterAlias v1.5.2
[17:48:42] [Server thread/INFO]: [SimpleVoteListener] Enabling SimpleVoteListener v2.6
[17:48:42] [Server thread/INFO]: [SimpleVoteListener] Config file found. Using it!
[17:48:42] [Server thread/INFO]: [SimpleVoteListener] SimpleVoteListener 2.6 successfully enabled.
[17:48:42] [Server thread/INFO]: [WorldEdit] Enabling WorldEdit v6.0.2-SNAPSHOT;3364-1209e484
[17:48:42] [Server thread/INFO]: WEPIF: Using the Bukkit Permissions API.
[17:48:42] [Server thread/INFO]: [WorldEdit] Using com.sk89q.worldedit.bukkit.adapter.impl.Spigot_v1_8_R1 as the Bukkit adapter
[17:48:42] [Server thread/INFO]: [Multiverse-Inventories] Enabling Multiverse-Inventories v2.5-b383
[17:48:42] [Server thread/INFO]: [Multiverse-Inventories] The following worlds for group 'default' are not loaded: legdom_nether, legdom_the_end
[17:48:42] [Server thread/INFO]: [Multiverse-Inventories 2.5-b383] enabled.
[17:48:42] [Server thread/INFO]: [VanishNoPacket] Enabling VanishNoPacket v3.19.1
[17:48:42] [Server thread/INFO]: [VanishNoPacket] Colored nametags enabled, but I couldn't find TagAPI
[17:48:42] [Server thread/INFO]: [VanishNoPacket] For awesome colored nametags on vanish, visit
[17:48:42] [Server thread/INFO]: [VanishNoPacket] http://dev.bukkit.org/server-mods/tag/ 
[17:48:42] [Server thread/INFO]: [VanishNoPacket] and download TagAPI.jar
[17:48:42] [Server thread/INFO]: [VanishNoPacket] 3.19.1 loaded.
[17:48:42] [Server thread/INFO]: [DonatorExpress] Enabling DonatorExpress v1.6.8
[17:48:42] [Server thread/INFO]: Metrics Enabled for DonatorExpress
[17:48:42] [Server thread/INFO]: [PluginReloader] Enabling PluginReloader v1.3.1
[17:48:42] [Server thread/INFO]: [PluginReloader] Version 1.3.1 enabled
[17:48:42] [Server thread/INFO]: [PermissionsEx] Enabling PermissionsEx v1.23.1
[17:48:42] [Server thread/INFO]: [PermissionsEx] Initializing file backend
[17:48:42] [Server thread/INFO]: [PermissionsEx] Permissions file successfully reloaded
[17:48:42] [Server thread/INFO]: WEPIF: PermissionsEx detected! Using PermissionsEx for permissions.
[17:48:42] [Server thread/INFO]: [Vault][Permission] PermissionsEx hooked.
[17:48:42] [Server thread/INFO]: [Vault][Chat] PermissionsEx_Chat hooked.
[17:48:42] [Server thread/INFO]: [boosCooldowns] Enabling boosCooldowns v3.8.6
[17:48:42] [Server thread/INFO]: [boosCooldowns] version 3.8.6 by [LordBoos (ingame name boosik)] is enabled!
[17:48:42] [Server thread/INFO]: [boosCooldowns] found [Vault] searching for economy plugin.
[17:48:42] [Server thread/INFO]: [boosCooldowns] found [Craftconomy3] plugin, enabling prices support.
[17:48:42] [Server thread/INFO]: [Commandspy] Enabling Commandspy v3.1.2
[17:48:42] [Server thread/INFO]: [Modifyworld] Enabling Modifyworld v1.19.7
[17:48:42] [Server thread/INFO]: [Modifyworld] Modifyworld enabled!
[17:48:42] [Server thread/INFO]: [FirstJoinPlus] Enabling FirstJoinPlus v2.2
[17:48:42] [Server thread/INFO]: [TelePlusPlus] Enabling TelePlusPlus v2.0.4
[17:48:43] [Server thread/INFO]: [Herochat] Enabling Herochat v5.6.7-SNAPSHOT
[17:48:43] [Server thread/INFO]: [Herochat] Saving channels
[17:48:43] [Server thread/INFO]: [Herochat] Save complete
[17:48:43] [Server thread/INFO]: [Herochat] Version 5.6.7-SNAPSHOT is enabled.
[17:48:43] [Server thread/INFO]: [MobHunting] Enabling MobHunting v1.8.6
[17:48:43] [Server thread/INFO]: [Multiverse-Portals] Enabling Multiverse-Portals v2.5-bUNKNOWN
[17:48:43] [Server thread/INFO]: [Multiverse-Portals] - Version 2.5-bUNKNOWN Enabled - By Rigby and fernferret
[17:48:43] [Server thread/INFO]: [MVPLogging] 2 - Portals(s) loaded
[17:48:43] [Server thread/INFO]: [Multiverse-Portals] Found WorldEdit, using it for selections.
[17:48:43] [Server thread/INFO]: [Multiverse-SignPortals] Enabling Multiverse-SignPortals v2.5-b673
[17:48:43] [Server thread/INFO]: [Multiverse-SignPortals 2.5-b673]  Enabled - By Rigby and fernferret
[17:48:43] [Server thread/INFO]: [CommandBook] Enabling CommandBook v2.4:1692-75bb1c8,master
[17:48:43] [Server thread/INFO]: [CommandBook] Maximum wrapper compatibility is enabled. Some features have been disabled to be compatible with poorly written server wrappers.
[17:48:43] [Server thread/INFO]: [CommandBook] 28 Warps(s) loaded
[17:48:43] [Server thread/INFO]: [CriLisCraft] Enabling CriLisCraft v1.10.3-SNAPSHOT
[17:48:43] [Server thread/ERROR]: Error occurred while enabling CriLisCraft v1.10.3-SNAPSHOT (Is it up to date?)
java.lang.NullPointerException
	at com.criliscraft.plugin.CriLisCraft.onEnable(CriLisCraft.java:70) ~[?:?]
	at org.bukkit.plugin.java.JavaPlugin.setEnabled(JavaPlugin.java:321) ~[spigot.jar:git-Spigot-c3c767f-33d5de3]
	at org.bukkit.plugin.java.JavaPluginLoader.enablePlugin(JavaPluginLoader.java:335) [spigot.jar:git-Spigot-c3c767f-33d5de3]
	at org.bukkit.plugin.SimplePluginManager.enablePlugin(SimplePluginManager.java:405) [spigot.jar:git-Spigot-c3c767f-33d5de3]
	at org.bukkit.craftbukkit.v1_8_R1.CraftServer.loadPlugin(CraftServer.java:356) [spigot.jar:git-Spigot-c3c767f-33d5de3]
	at org.bukkit.craftbukkit.v1_8_R1.CraftServer.enablePlugins(CraftServer.java:316) [spigot.jar:git-Spigot-c3c767f-33d5de3]
	at net.minecraft.server.v1_8_R1.MinecraftServer.q(MinecraftServer.java:402) [spigot.jar:git-Spigot-c3c767f-33d5de3]
	at net.minecraft.server.v1_8_R1.MinecraftServer.k(MinecraftServer.java:370) [spigot.jar:git-Spigot-c3c767f-33d5de3]
	at net.minecraft.server.v1_8_R1.MinecraftServer.a(MinecraftServer.java:325) [spigot.jar:git-Spigot-c3c767f-33d5de3]
	at net.minecraft.server.v1_8_R1.DedicatedServer.init(DedicatedServer.java:211) [spigot.jar:git-Spigot-c3c767f-33d5de3]
	at net.minecraft.server.v1_8_R1.MinecraftServer.run(MinecraftServer.java:505) [spigot.jar:git-Spigot-c3c767f-33d5de3]
	at java.lang.Thread.run(Thread.java:722) [?:1.7.0_07]
[17:48:43] [Server thread/INFO]: [PD] Enabling PlayerData v4.0.0
[17:48:43] [Server thread/INFO]: [PD] Vault found. Permission found.
[17:48:43] [Server thread/INFO]: [PD] Loaded 7 data files
[17:48:43] [Server thread/INFO]: [PD] PlayerData Load Sucessful
[17:48:43] [Server thread/INFO]: [Prism] Enabling Prism v2.0.4-18
[17:48:43] [Server thread/INFO]: [Prism]: Initializing Prism 2.0.4-18. By Viveleroi.
[17:48:43] [Server thread/INFO]: Elixr: Loaded items directory
[17:48:43] [Server thread/INFO]: Elixr: Loaded items directory
[17:48:45] [Server thread/INFO]: [Prism]: WorldEdit found. Associated features enabled.
[17:48:45] [pool-4-thread-1/INFO]: [Prism]: Scheduled purge executor beginning new run...
[17:48:45] [pool-4-thread-1/INFO]: [Prism]: Beginning prism database purge cycle. Will be performed in batches so we don't tie up the db...
[17:48:45] [Server thread/INFO]: [MCBans] Enabling MCBans v4.3.5
[17:48:45] [Server thread/INFO]: [MCBans] Loading language file: default
[17:48:45] [Server thread/INFO]: [MCBans] Using PermissionsEx for permission control.
[17:48:45] [Server thread/INFO]: [MCBans] Rollback plugin not found!
[17:48:45] [Server thread/INFO]: [MCBans] MCBans version 4.3.5 is enabled!
[17:48:45] [Thread-27/INFO]: [MCBans] Looking for fastest api server!
[17:48:45] [Server thread/INFO]: [AsyncWorldEdit] Enabling AsyncWorldEdit v2.1.5
[17:48:45] [Server thread/INFO]: [AsyncWorldEdit] Error loading strings file, using internal fallback.
[17:48:45] [Server thread/INFO]: [AsyncWorldEdit] BarAPI not found.
[17:48:45] [Server thread/INFO]: [AsyncWorldEdit] BlocksHub plugin not found.
[17:48:45] [Server thread/INFO]: [AsyncWorldEdit] PlotMeFix set to class org.primesoft.asyncworldedit.plotme.NullFix
[17:48:45] [Server thread/INFO]: [AsyncWorldEditInjector] New class factory set to: org.primesoft.asyncworldedit.injector.async.AsyncClassFactory
[17:48:45] [Thread-27/INFO]: [MCBans] API Server found: api01.cluster.mcbans.com :: response time: 122
[17:48:45] [Server thread/INFO]: [AsyncWorldEdit] You have the latest version of the plugin.
[17:48:45] [Server thread/INFO]: [AsyncWorldEdit] Enabled
[17:48:45] [Server thread/INFO]: [VirtualPack] Enabling VirtualPack v2.8.1
[17:48:45] [Server thread/ERROR]: Error occurred while enabling VirtualPack v2.8.1 (Is it up to date?)
java.lang.NoClassDefFoundError: net/minecraft/server/v1_8_R2/IChatBaseComponent
	at net.drgnome.virtualpack.util.ConfigProxy.setDefs(ConfigProxy.java:137) ~[?:?]
	at net.drgnome.virtualpack.util.ConfigProxy.<init>(ConfigProxy.java:91) ~[?:?]
	at net.drgnome.virtualpack.util.Config.reload(Config.java:27) ~[?:?]
	at net.drgnome.virtualpack.VPlugin.reloadConfig(VPlugin.java:906) ~[?:?]
	at org.bukkit.plugin.java.JavaPlugin.getConfig(JavaPlugin.java:162) ~[spigot.jar:git-Spigot-c3c767f-33d5de3]
	at net.drgnome.virtualpack.util.Config.reload(Config.java:27) ~[?:?]
	at net.drgnome.virtualpack.VPlugin.init(VPlugin.java:87) ~[?:?]
	at net.drgnome.virtualpack.VPlugin.onEnable(VPlugin.java:265) ~[?:?]
	at org.bukkit.plugin.java.JavaPlugin.setEnabled(JavaPlugin.java:321) ~[spigot.jar:git-Spigot-c3c767f-33d5de3]
	at org.bukkit.plugin.java.JavaPluginLoader.enablePlugin(JavaPluginLoader.java:335) [spigot.jar:git-Spigot-c3c767f-33d5de3]
	at org.bukkit.plugin.SimplePluginManager.enablePlugin(SimplePluginManager.java:405) [spigot.jar:git-Spigot-c3c767f-33d5de3]
	at org.bukkit.craftbukkit.v1_8_R1.CraftServer.loadPlugin(CraftServer.java:356) [spigot.jar:git-Spigot-c3c767f-33d5de3]
	at org.bukkit.craftbukkit.v1_8_R1.CraftServer.enablePlugins(CraftServer.java:316) [spigot.jar:git-Spigot-c3c767f-33d5de3]
	at net.minecraft.server.v1_8_R1.MinecraftServer.q(MinecraftServer.java:402) [spigot.jar:git-Spigot-c3c767f-33d5de3]
	at net.minecraft.server.v1_8_R1.MinecraftServer.k(MinecraftServer.java:370) [spigot.jar:git-Spigot-c3c767f-33d5de3]
	at net.minecraft.server.v1_8_R1.MinecraftServer.a(MinecraftServer.java:325) [spigot.jar:git-Spigot-c3c767f-33d5de3]
	at net.minecraft.server.v1_8_R1.DedicatedServer.init(DedicatedServer.java:211) [spigot.jar:git-Spigot-c3c767f-33d5de3]
	at net.minecraft.server.v1_8_R1.MinecraftServer.run(MinecraftServer.java:505) [spigot.jar:git-Spigot-c3c767f-33d5de3]
	at java.lang.Thread.run(Thread.java:722) [?:1.7.0_07]
Caused by: java.lang.ClassNotFoundException: net.minecraft.server.v1_8_R2.IChatBaseComponent
	at org.bukkit.plugin.java.PluginClassLoader.findClass(PluginClassLoader.java:91) ~[spigot.jar:git-Spigot-c3c767f-33d5de3]
	at org.bukkit.plugin.java.PluginClassLoader.findClass(PluginClassLoader.java:86) ~[spigot.jar:git-Spigot-c3c767f-33d5de3]
	at java.lang.ClassLoader.loadClass(ClassLoader.java:423) ~[?:1.7.0_07]
	at java.lang.ClassLoader.loadClass(ClassLoader.java:356) ~[?:1.7.0_07]
	... 19 more
[17:48:45] [Thread-27/INFO]: [MCBans] API Server found: api02.cluster.mcbans.com :: response time: 128
[17:48:45] [Server thread/INFO]: [Multiverse-NetherPortals] Enabling Multiverse-NetherPortals v2.5-b685
[17:48:45] [Server thread/INFO]: [Multiverse-NetherPortals] - Version 2.5-b685 Enabled - By Rigby and fernferret
[17:48:45] [Thread-27/INFO]: [MCBans] API Server found: api03.cluster.mcbans.com :: response time: 123
[17:48:45] [Server thread/INFO]: [WorldGuard] Enabling WorldGuard v6.0.0-SNAPSHOT.1586-
[17:48:45] [Thread-27/INFO]: [MCBans] API Server found: api.mcbans.com :: response time: 126
[17:48:45] [Thread-27/INFO]: [MCBans] Fastest server selected: api01.cluster.mcbans.com :: response time: 122
[17:48:45] [Server thread/INFO]: [WorldGuard] (world) TNT ignition is PERMITTED.
[17:48:45] [Server thread/INFO]: [WorldGuard] (world) Lighters are PERMITTED.
[17:48:45] [Server thread/INFO]: [WorldGuard] (world) Lava fire is blocked.
[17:48:45] [Server thread/INFO]: [WorldGuard] (world) Fire spread is UNRESTRICTED.
[17:48:45] [Server thread/INFO]: [WorldGuard] Loaded configuration for world 'world'
[17:48:45] [Server thread/INFO]: [WorldGuard] (world_nether) TNT ignition is PERMITTED.
[17:48:45] [Server thread/INFO]: [WorldGuard] (world_nether) Lighters are PERMITTED.
[17:48:45] [Server thread/INFO]: [WorldGuard] (world_nether) Lava fire is blocked.
[17:48:45] [Server thread/INFO]: [WorldGuard] (world_nether) Fire spread is UNRESTRICTED.
[17:48:45] [Server thread/INFO]: [WorldGuard] Loaded configuration for world 'world_nether'
[17:48:45] [Server thread/INFO]: [WorldGuard] (world_the_end) TNT ignition is PERMITTED.
[17:48:45] [Server thread/INFO]: [WorldGuard] (world_the_end) Lighters are PERMITTED.
[17:48:45] [Server thread/INFO]: [WorldGuard] (world_the_end) Lava fire is blocked.
[17:48:45] [Server thread/INFO]: [WorldGuard] (world_the_end) Fire spread is UNRESTRICTED.
[17:48:45] [Server thread/INFO]: [WorldGuard] Loaded configuration for world 'world_the_end'
[17:48:45] [Server thread/INFO]: [WorldGuard] (legdom) TNT ignition is PERMITTED.
[17:48:45] [Server thread/INFO]: [WorldGuard] (legdom) Lighters are PERMITTED.
[17:48:45] [Server thread/INFO]: [WorldGuard] (legdom) Lava fire is blocked.
[17:48:45] [Server thread/INFO]: [WorldGuard] (legdom) Fire spread is UNRESTRICTED.
[17:48:45] [Server thread/INFO]: [WorldGuard] Loaded configuration for world 'legdom'
[17:48:45] [Server thread/INFO]: [WorldGuard] (CriLisLand) TNT ignition is PERMITTED.
[17:48:45] [Server thread/INFO]: [WorldGuard] (CriLisLand) Lighters are PERMITTED.
[17:48:45] [Server thread/INFO]: [WorldGuard] (CriLisLand) Lava fire is blocked.
[17:48:45] [Server thread/INFO]: [WorldGuard] (CriLisLand) Fire spread is UNRESTRICTED.
[17:48:45] [Server thread/INFO]: [WorldGuard] Loaded configuration for world 'CriLisLand'
[17:48:45] [Server thread/INFO]: [WorldGuard] (ChakaLand) TNT ignition is PERMITTED.
[17:48:45] [Server thread/INFO]: [WorldGuard] (ChakaLand) Lighters are PERMITTED.
[17:48:45] [Server thread/INFO]: [WorldGuard] (ChakaLand) Lava fire is blocked.
[17:48:45] [Server thread/INFO]: [WorldGuard] (ChakaLand) Fire spread is UNRESTRICTED.
[17:48:45] [Server thread/INFO]: [WorldGuard] Loaded configuration for world 'ChakaLand'
[17:48:45] [Server thread/INFO]: [WorldGuard] Loading region data...
[17:48:45] [Server thread/INFO]: [AreaShop] Enabling AreaShop v2.1.5
[17:48:46] [Server thread/INFO]: [HomeSpawnPlus] Enabling HomeSpawnPlus v2.0-b610
[17:48:47] [Server thread/INFO]: [HomeSpawnPlus] Loaded 177 locale strings (0 overrides)
[17:48:47] [Server thread/INFO]: [HomeSpawnPlus] using VAULT:PermissionsEx for permissions
[17:48:47] [Server thread/INFO]: [HomeSpawnPlus] Vault interface found and will be used for economy-related functions (economy = Craftconomy3)
[17:48:47] [Server thread/INFO]: [HomeSpawnPlus] HomeSpawnPlus version 2.0-b610 is enabled
[17:48:47] [Server thread/INFO]: [CraftBook] Enabling CraftBook v3.9-SNAPSHOT.3895-
[17:48:47] [Server thread/ERROR]: Error occurred while enabling CraftBook v3.9-SNAPSHOT.3895- (Is it up to date?)
java.lang.NoSuchMethodError: com.google.common.cache.CacheBuilder.maximumSize(I)Lcom/google/common/cache/CacheBuilder;
	at com.sk89q.craftbook.util.ItemSyntax.<clinit>(ItemSyntax.java:108) ~[?:?]
	at com.sk89q.craftbook.bukkit.CraftBookPlugin.onEnable(CraftBookPlugin.java:369) ~[?:?]
	at org.bukkit.plugin.java.JavaPlugin.setEnabled(JavaPlugin.java:321) ~[spigot.jar:git-Spigot-c3c767f-33d5de3]
	at org.bukkit.plugin.java.JavaPluginLoader.enablePlugin(JavaPluginLoader.java:335) [spigot.jar:git-Spigot-c3c767f-33d5de3]
	at org.bukkit.plugin.SimplePluginManager.enablePlugin(SimplePluginManager.java:405) [spigot.jar:git-Spigot-c3c767f-33d5de3]
	at org.bukkit.craftbukkit.v1_8_R1.CraftServer.loadPlugin(CraftServer.java:356) [spigot.jar:git-Spigot-c3c767f-33d5de3]
	at org.bukkit.craftbukkit.v1_8_R1.CraftServer.enablePlugins(CraftServer.java:316) [spigot.jar:git-Spigot-c3c767f-33d5de3]
	at net.minecraft.server.v1_8_R1.MinecraftServer.q(MinecraftServer.java:402) [spigot.jar:git-Spigot-c3c767f-33d5de3]
	at net.minecraft.server.v1_8_R1.MinecraftServer.k(MinecraftServer.java:370) [spigot.jar:git-Spigot-c3c767f-33d5de3]
	at net.minecraft.server.v1_8_R1.MinecraftServer.a(MinecraftServer.java:325) [spigot.jar:git-Spigot-c3c767f-33d5de3]
	at net.minecraft.server.v1_8_R1.DedicatedServer.init(DedicatedServer.java:211) [spigot.jar:git-Spigot-c3c767f-33d5de3]
	at net.minecraft.server.v1_8_R1.MinecraftServer.run(MinecraftServer.java:505) [spigot.jar:git-Spigot-c3c767f-33d5de3]
	at java.lang.Thread.run(Thread.java:722) [?:1.7.0_07]
[17:48:47] [Server thread/INFO]: [ChestShop] Enabling ChestShop v3.8.7
[17:48:48] [Server thread/INFO]: [ChestShop] LWC version 4.4.0 (b881) (July 11, 2013) loaded.
[17:48:48] [Server thread/INFO]: [ChestShop] Vault loaded! Found an economy plugin!
[17:48:48] [Server thread/INFO]: [EchoPet] Enabling EchoPet v2.6.1-SNAPSHOT-b16
[17:48:48] [Server thread/INFO]: [EchoPet] [INFO] [VanishNoPacket] Successfully hooked
[17:48:48] [Server thread/INFO]: [EchoPet] [INFO] [WorldGuard] Successfully hooked
[17:48:49] [Server thread/INFO]: Server permissions file permissions.yml is empty, ignoring it
[17:48:49] [Server thread/INFO]: Done (17.299s)! For help, type "help" or "?"
[17:48:49] [Server thread/INFO]: Starting GS4 status listener
[17:48:49] [Query Listener #1/INFO]: Query running on 0.0.0.0:25565
[17:48:50] [Craft Scheduler Thread - 5/INFO]: [Vault] Checking for Updates ... 
[17:48:50] [Craft Scheduler Thread - 5/INFO]: [Vault] No new version available
[17:48:52] [Craft Scheduler Thread - 22/INFO]: [VanishNoPacket] Error: Could not check if plugin was up to date. Will try later
[17:49:04] [Craft Scheduler Thread - 17/INFO]: [Prism]: Cleared 0 rows from the database. Using: before:8w
[17:49:04] [Craft Scheduler Thread - 17/INFO]: [Prism]: Moving on to next purge rule...
[17:49:15] [Timer-1/INFO]: [WorldGuard] Region data changes made in 'legdom' have been background saved
[17:49:21] [Craft Scheduler Thread - 17/INFO]: [Prism]: Cleared 0 rows from the database. Using: a:water-flow before:4w
[17:51:05] [User Authenticator #1/INFO]: UUID of player Chaka is 00fa4033-421f-48d9-bc69-a0d9c9c4973e
[17:51:06] [Server thread/INFO]: [HomeSpawnPlus] Player Chaka changed names (oldName=Christophernjsp, uid=00fa4033-421f-48d9-bc69-a0d9c9c4973e)
[17:51:06] [Server thread/INFO]: Can not test connection as heartbeatsql is not set
[17:51:06] [Server thread/INFO]: Closing Connection[HomeSpawnPlus.1] psReuse[0] psCreate[4] psSize[4]
[17:51:06] [Server thread/ERROR]: Could not pass event PlayerJoinEvent to HomeSpawnPlus v2.0-b610
org.bukkit.event.EventException
	at com.andune.minecraft.hsp.server.bukkit.BukkitEventDispatcher$1.execute(BukkitEventDispatcher.java:98) ~[?:?]
	at org.bukkit.plugin.RegisteredListener.callEvent(RegisteredListener.java:62) ~[spigot.jar:git-Spigot-c3c767f-33d5de3]
	at org.bukkit.plugin.SimplePluginManager.fireEvent(SimplePluginManager.java:502) [spigot.jar:git-Spigot-c3c767f-33d5de3]
	at org.bukkit.plugin.SimplePluginManager.callEvent(SimplePluginManager.java:487) [spigot.jar:git-Spigot-c3c767f-33d5de3]
	at net.minecraft.server.v1_8_R1.PlayerList.onPlayerJoin(PlayerList.java:272) [spigot.jar:git-Spigot-c3c767f-33d5de3]
	at net.minecraft.server.v1_8_R1.PlayerList.a(PlayerList.java:156) [spigot.jar:git-Spigot-c3c767f-33d5de3]
	at net.minecraft.server.v1_8_R1.LoginListener.b(LoginListener.java:109) [spigot.jar:git-Spigot-c3c767f-33d5de3]
	at net.minecraft.server.v1_8_R1.LoginListener.c(LoginListener.java:41) [spigot.jar:git-Spigot-c3c767f-33d5de3]
	at net.minecraft.server.v1_8_R1.NetworkManager.a(NetworkManager.java:159) [spigot.jar:git-Spigot-c3c767f-33d5de3]
	at net.minecraft.server.v1_8_R1.ServerConnection.c(ServerConnection.java:82) [spigot.jar:git-Spigot-c3c767f-33d5de3]
	at net.minecraft.server.v1_8_R1.MinecraftServer.z(MinecraftServer.java:800) [spigot.jar:git-Spigot-c3c767f-33d5de3]
	at net.minecraft.server.v1_8_R1.DedicatedServer.z(DedicatedServer.java:316) [spigot.jar:git-Spigot-c3c767f-33d5de3]
	at net.minecraft.server.v1_8_R1.MinecraftServer.y(MinecraftServer.java:634) [spigot.jar:git-Spigot-c3c767f-33d5de3]
	at net.minecraft.server.v1_8_R1.MinecraftServer.run(MinecraftServer.java:537) [spigot.jar:git-Spigot-c3c767f-33d5de3]
	at java.lang.Thread.run(Thread.java:722) [?:1.7.0_07]
Caused by: javax.persistence.PersistenceException: ERROR executing DML bindLog[] error[[SQLITE_CONSTRAINT]  Abort due to constraint violation (column name is not unique)]
	at com.avaje.ebeaninternal.server.persist.dml.DmlBeanPersister.execute(DmlBeanPersister.java:116) ~[spigot.jar:git-Spigot-c3c767f-33d5de3]
	at com.avaje.ebeaninternal.server.persist.dml.DmlBeanPersister.update(DmlBeanPersister.java:85) ~[spigot.jar:git-Spigot-c3c767f-33d5de3]
	at com.avaje.ebeaninternal.server.persist.DefaultPersistExecute.executeUpdateBean(DefaultPersistExecute.java:110) ~[spigot.jar:git-Spigot-c3c767f-33d5de3]
	at com.avaje.ebeaninternal.server.core.PersistRequestBean.executeNow(PersistRequestBean.java:504) ~[spigot.jar:git-Spigot-c3c767f-33d5de3]
	at com.avaje.ebeaninternal.server.core.PersistRequestBean.executeOrQueue(PersistRequestBean.java:530) ~[spigot.jar:git-Spigot-c3c767f-33d5de3]
	at com.avaje.ebeaninternal.server.persist.DefaultPersister.update(DefaultPersister.java:436) ~[spigot.jar:git-Spigot-c3c767f-33d5de3]
	at com.avaje.ebeaninternal.server.persist.DefaultPersister.saveEnhanced(DefaultPersister.java:343) ~[spigot.jar:git-Spigot-c3c767f-33d5de3]
	at com.avaje.ebeaninternal.server.persist.DefaultPersister.saveRecurse(DefaultPersister.java:315) ~[spigot.jar:git-Spigot-c3c767f-33d5de3]
	at com.avaje.ebeaninternal.server.persist.DefaultPersister.save(DefaultPersister.java:282) ~[spigot.jar:git-Spigot-c3c767f-33d5de3]
	at com.avaje.ebeaninternal.server.core.DefaultServer.save(DefaultServer.java:1629) ~[spigot.jar:git-Spigot-c3c767f-33d5de3]
	at com.avaje.ebeaninternal.server.core.DefaultServer.save(DefaultServer.java:1619) ~[spigot.jar:git-Spigot-c3c767f-33d5de3]
	at com.andune.minecraft.hsp.storage.ebean.PlayerDAOEBean.savePlayer(PlayerDAOEBean.java:85) ~[?:?]
	at com.andune.minecraft.hsp.util.NameChangeUtil.changeName(NameChangeUtil.java:55) ~[?:?]
	at com.andune.minecraft.hsp.EventListener.playerJoin(EventListener.java:137) ~[?:?]
	at com.andune.minecraft.hsp.server.bukkit.BukkitEventDispatcher$1.execute(BukkitEventDispatcher.java:96) ~[?:?]
	... 14 more
Caused by: java.sql.SQLException: [SQLITE_CONSTRAINT]  Abort due to constraint violation (column name is not unique)
	at org.sqlite.DB.newSQLException(DB.java:383) ~[spigot.jar:git-Spigot-c3c767f-33d5de3]
	at org.sqlite.DB.newSQLException(DB.java:387) ~[spigot.jar:git-Spigot-c3c767f-33d5de3]
	at org.sqlite.DB.execute(DB.java:342) ~[spigot.jar:git-Spigot-c3c767f-33d5de3]
	at org.sqlite.DB.executeUpdate(DB.java:363) ~[spigot.jar:git-Spigot-c3c767f-33d5de3]
	at org.sqlite.PrepStmt.executeUpdate(PrepStmt.java:85) ~[spigot.jar:git-Spigot-c3c767f-33d5de3]
	at com.avaje.ebeaninternal.server.lib.sql.ExtendedPreparedStatement.executeUpdate(ExtendedPreparedStatement.java:164) ~[spigot.jar:git-Spigot-c3c767f-33d5de3]
	at com.avaje.ebeaninternal.server.type.DataBind.executeUpdate(DataBind.java:74) ~[spigot.jar:git-Spigot-c3c767f-33d5de3]
	at com.avaje.ebeaninternal.server.persist.dml.UpdateHandler.execute(UpdateHandler.java:106) ~[spigot.jar:git-Spigot-c3c767f-33d5de3]
	at com.avaje.ebeaninternal.server.persist.dml.DmlBeanPersister.execute(DmlBeanPersister.java:105) ~[spigot.jar:git-Spigot-c3c767f-33d5de3]
	at com.avaje.ebeaninternal.server.persist.dml.DmlBeanPersister.update(DmlBeanPersister.java:85) ~[spigot.jar:git-Spigot-c3c767f-33d5de3]
	at com.avaje.ebeaninternal.server.persist.DefaultPersistExecute.executeUpdateBean(DefaultPersistExecute.java:110) ~[spigot.jar:git-Spigot-c3c767f-33d5de3]
	at com.avaje.ebeaninternal.server.core.PersistRequestBean.executeNow(PersistRequestBean.java:504) ~[spigot.jar:git-Spigot-c3c767f-33d5de3]
	at com.avaje.ebeaninternal.server.core.PersistRequestBean.executeOrQueue(PersistRequestBean.java:530) ~[spigot.jar:git-Spigot-c3c767f-33d5de3]
	at com.avaje.ebeaninternal.server.persist.DefaultPersister.update(DefaultPersister.java:436) ~[spigot.jar:git-Spigot-c3c767f-33d5de3]
	at com.avaje.ebeaninternal.server.persist.DefaultPersister.saveEnhanced(DefaultPersister.java:343) ~[spigot.jar:git-Spigot-c3c767f-33d5de3]
	at com.avaje.ebeaninternal.server.persist.DefaultPersister.saveRecurse(DefaultPersister.java:315) ~[spigot.jar:git-Spigot-c3c767f-33d5de3]
	at com.avaje.ebeaninternal.server.persist.DefaultPersister.save(DefaultPersister.java:282) ~[spigot.jar:git-Spigot-c3c767f-33d5de3]
	at com.avaje.ebeaninternal.server.core.DefaultServer.save(DefaultServer.java:1629) ~[spigot.jar:git-Spigot-c3c767f-33d5de3]
	at com.avaje.ebeaninternal.server.core.DefaultServer.save(DefaultServer.java:1619) ~[spigot.jar:git-Spigot-c3c767f-33d5de3]
	at com.andune.minecraft.hsp.storage.ebean.PlayerDAOEBean.savePlayer(PlayerDAOEBean.java:85) ~[?:?]
	at com.andune.minecraft.hsp.util.NameChangeUtil.changeName(NameChangeUtil.java:55) ~[?:?]
	at com.andune.minecraft.hsp.EventListener.playerJoin(EventListener.java:137) ~[?:?]
	at com.andune.minecraft.hsp.server.bukkit.BukkitEventDispatcher$1.execute(BukkitEventDispatcher.java:96) ~[?:?]
	... 14 more
[17:51:06] [Server thread/INFO]: Chaka[/69.142.162.182:56309] logged in with entity id 324 at ([world] 154.33858632235476, 63.0, 97.16173032744604)
[17:51:08] [Server thread/INFO]: Chaka issued server command: /clc
[17:51:40] [Server thread/INFO]: Chaka was slain by Zombie
[17:52:34] [Server thread/INFO]: Chaka issued server command: /gm 1
[17:52:38] [Server thread/INFO]: Chaka issued server command: /spawn
[17:52:38] [Server thread/INFO]: Chaka issued server command: /warp spawn
