2015.04.09 19:59:03 [G] Chaka: hi
2015.04.09 20:00:47 [G] Chaka: sdasd
2015.04.09 20:00:54 [G] Chaka: sasd
2015.04.09 20:01:24 [G] Chaka: dsadad
2015.04.09 20:01:31 [G] Chaka: asdasd\
2015.04.09 20:01:37 [G] Chaka: sdfsa
2015.04.09 20:01:45 [G] Chaka: fadsf
2015.04.09 20:01:49 [G] Chaka: dsfsadf
2015.04.09 20:02:07 [G] Chaka: sdfasd
2015.04.09 20:02:11 [G] Chaka: sdfasd
2015.04.09 20:02:16 [G] Chaka: fgdsf\
2015.04.09 20:02:24 [G] Chaka: sdfsdf
2015.04.09 20:02:31 [G] [S] Chaka: sdad
2015.04.09 20:02:46 [G] Chaka: dsfasd
2015.04.09 20:10:49 [G] Chaka: sfsf
2015.04.09 20:10:56 [G] Chaka: ADS';LFKJFSDF
2015.04.09 20:11:01 [G] Chaka: sdf
2015.04.09 20:11:07 [G] Chaka: dsfasdfasdfsadfsdafsadfasdf
2015.04.09 20:11:11 [G] Chaka: sgdfsgds
2015.04.09 20:11:16 [G] Chaka: asa
2015.04.09 20:12:06 [G] Chaka: dsafsd
2015.04.09 21:13:16 [G] Chaka: assa
2015.04.09 21:13:22 [G] Chaka: SAASD
2015.04.09 21:34:30 [G] Chaka: sASd
2015.04.09 21:34:57 [G] Chaka: asf
2015.04.10 02:01:34 [G] Chaka: arsadfas
2015.04.10 02:02:05 [G] Chaka: asdasd
2015.04.10 02:02:13 [G] Chaka: afdsf
2015.04.10 02:02:31 [G] Chaka: sdasDS
2015.04.10 02:02:44 [G] Chaka: dfsdfsdf
2015.04.10 02:03:38 [G] Chaka: asdasd
2015.04.10 02:03:48 [G] Chaka: dsdsf
2015.04.10 02:04:03 [G] Chaka: dsfsdf
2015.04.10 02:04:16 [G] Chaka: asdasd
2015.04.10 02:04:34 [G] [S] Chaka: asfdsa
2015.04.10 02:04:44 [G] Chaka: sdsafdsa
2015.04.10 02:37:09 [G] Chaka: list
2015.04.10 02:47:12 [G] Chaka: Wb
2015.04.10 02:47:18 [G] Chaka: Let me fix your rank
2015.04.10 02:47:22 [G] Wozzle90: Thank you!
2015.04.10 02:47:27 [G] Chaka: Give me half a second
2015.04.10 02:47:32 [G] Wozzle90: alright
2015.04.10 02:47:37 [G] Chaka: I reconfigured the whole server from scratch
2015.04.10 02:47:45 [G] Wozzle90: Woah
2015.04.10 02:47:55 [G] Wozzle90: Good for you man.
2015.04.10 02:48:04 [G] Chaka: I have been working on it for the past 2 weeks
2015.04.10 02:48:18 [G] Wozzle90: Thats super impressive.
2015.04.10 02:48:46 [G] Chaka: Ok
2015.04.10 02:48:50 [G] Chaka: Ranks should be fixed
2015.04.10 02:48:53 [G] Wozzle90: Thank you!
2015.04.10 02:49:05 [G] Chaka: And your home is still here?
2015.04.10 02:49:08 [G] Wozzle90: Yes
2015.04.10 02:49:12 [G] Chaka: Ok good.
2015.04.10 02:49:28 [G] Chaka: If you notice anything wrong, Please tell me or another staff member.
2015.04.10 02:49:48 [G] Wozzle90: Uhm Chaka? It appears I cannot get into my own chests.
2015.04.10 02:49:56 [G] Chaka: Grr
2015.04.10 02:50:02 [G] Wozzle90: Sorry o ^ o
2015.04.10 02:50:06 [G] Chaka: Thats fine
2015.04.10 02:50:14 [G] Chaka: Err
2015.04.10 02:50:23 [G] Chaka: Right click dont left clock
2015.04.10 02:50:32 [G] Wozzle90: Thank you
2015.04.10 02:50:45 [G] Wozzle90: Nope hold on
2015.04.10 02:50:51 [G] Wozzle90: There we go
2015.04.10 02:51:22 [G] Chaka: ./cremoveall
2015.04.10 02:51:26 [G] Chaka: Type that
2015.04.10 02:51:46 [G] Chaka: Did you /lwc confirm
2015.04.10 02:51:49 [G] Wozzle90: yes
2015.04.10 02:52:03 [G] Chaka: for me it says you only typed /lwc not lwc confirm
2015.04.10 02:52:24 [G] Wozzle90: there we go!
2015.04.10 02:52:26 [G] Chaka: hmm
2015.04.10 02:52:28 [G] Chaka: didnt work
2015.04.10 02:52:46 [G] Chaka: Ill just not be lazy, and actually remove all of your locks
2015.04.10 02:53:02 [G] Wozzle90: Ah ok
2015.04.10 02:53:07 [G] Wozzle90: Thank you so much Chaka!
2015.04.10 02:53:15 [G] Chaka: No Problem/
2015.04.10 02:53:18 [G] Chaka: .
2015.04.10 02:54:02 [G] Chaka: Can you /lock a chest for a secon
2015.04.10 02:54:06 [G] Chaka: second*
2015.04.10 02:54:27 [G] Chaka: Ok
2015.04.10 02:54:38 [G] Wozzle90: Should i do that for all my chests?
2015.04.10 02:54:45 [G] Chaka: Give me a sec
2015.04.10 02:55:31 [G] Chaka: Ok
2015.04.10 02:55:35 [G] Chaka: Now I got them all
2015.04.10 02:55:52 [G] Wozzle90: Awesome thank you!
2015.04.10 02:56:04 [G] Chaka: And again, If there is anything else wrong. Please tell a staff member.
2015.04.10 02:56:12 [G] Wozzle90: I will. Thank you
2015.04.10 03:00:28 [G] Wozzle90: ./home
2015.04.10 03:23:53 [G] Atokad17: Chaka
2015.04.10 03:27:56 [G] Chaka: Welcome
2015.04.10 03:28:00 [G] pokeonhi1: hi
2015.04.10 03:28:18 [G] pokeonhi1: so what do we do?
2015.04.10 03:28:20 [G] pokeonhi1: Nothing?
2015.04.10 03:28:26 [G] Chaka: Play survuval
2015.04.10 03:28:35 [G] Chaka: survival*
2015.04.10 03:28:39 [G] pokeonhi1: We can't eben get out of spawn..
2015.04.10 03:28:40 [G] Atokad17: can't get out of spawn
2015.04.10 03:28:53 [G] Chaka: Ill fix that
2015.04.10 03:28:58 [G] Chaka: It is a world guard problem
2015.04.10 03:29:54 [G] pokeonhi1: Hey, atokad17 is a Co-Owner of a big server, can we try and help you with the server? and bring it
2015.04.10 03:29:55 [G] pokeonhi1: up
2015.04.10 03:30:01 [G] pokeonhi1: I'll give you IP
2015.04.10 03:30:04 [G] pokeonhi1: to see
2015.04.10 03:30:26 [G] Chaka: I have got everything under controll here, I just reconfigured everything today
2015.04.10 03:30:31 [G] Chaka: There is going to be a few bugs
2015.04.10 03:30:32 [G] pokeonhi1: It's big tho
2015.04.10 03:30:38 [G] pokeonhi1: We got devs
2015.04.10 03:30:41 [G] Chaka: I am a dev
2015.04.10 03:30:46 [G] pokeonhi1: u code c++?
2015.04.10 03:30:50 [G] Chaka: No, Java
2015.04.10 03:31:13 [G] Chaka: Java, so I can make minecraft plugins and mods
2015.04.10 03:32:37 [G] pokeonhi1: What about a buildr?
2015.04.10 03:32:40 [G] pokeonhi1: builder*
2015.04.10 03:32:51 [G] Chaka: Every player is a builder
2015.04.10 03:33:29 [G] Chaka: All of those chests are empty
2015.04.10 03:33:56 [G] Chaka: pokeonhi1, You know there is stairs
2015.04.10 03:33:59 [G] pokeonhi1: nah
2015.04.10 03:34:16 [G] Chaka: You also know this is a no grief server?
2015.04.10 03:34:19 [G] pokeonhi1: o
2015.04.10 03:34:34 [G] pokeonhi1: Gimme food
2015.04.10 03:34:35 [G] pokeonhi1: >?
2015.04.10 03:34:36 [G] pokeonhi1: ?
2015.04.10 03:35:00 [G] pokeonhi1: woiw
2015.04.10 03:35:01 [G] pokeonhi1: wow
2015.04.10 03:35:07 [G] pokeonhi1: like
2015.04.10 03:35:10 [G] pokeonhi1: a lot of food/
2015.04.10 03:35:11 [G] pokeonhi1: ?
2015.04.10 03:35:12 [G] Chaka: >:)
2015.04.10 03:36:28 [G] Chaka: Hmm
2015.04.10 03:36:34 [G] Chaka: I fotgot to disable /help and /?
2015.04.10 03:36:40 [G] Chaka: forgot*
2015.04.10 03:37:00 [G] Chaka: Well anyways, Dont grief. Im leaving
2015.04.10 03:37:05 [G] pokeonhi1: K
2015.04.10 03:37:08 [G] Atokad17: poke
2015.04.10 03:37:16 [G] pokeonhi1: w8
2015.04.10 03:37:36 [G] pokeonhi1: nvm..
2015.04.10 03:38:57 [G] pokeonhi1: fsk
2015.04.10 03:38:58 [G] pokeonhi1: dsak
2015.04.10 03:38:59 [G] pokeonhi1: fs'k
2015.04.10 03:39:00 [G] pokeonhi1: fsk
2015.04.10 03:39:01 [G] pokeonhi1: fskl
2015.04.10 03:39:02 [G] pokeonhi1: fsakl
2015.04.10 03:39:04 [G] pokeonhi1: dfsa]
2015.04.10 03:39:05 [G] pokeonhi1: dak
2015.04.10 03:39:07 [G] pokeonhi1: LOL
2015.04.10 03:39:17 [G] Atokad17: ?
2015.04.10 03:39:17 [G] pokeonhi1: LOL
2015.04.10 03:39:23 [G] pokeonhi1: dak I kept trying to say dak
2015.04.10 03:39:28 [G] pokeonhi1: but I got it wrong every time
2015.04.10 03:39:34 [G] pokeonhi1: wait 1 minut
2015.04.10 03:39:49 [G] Chaka: Ok, Now I'm actually leaving
2015.04.10 03:39:52 [G] pokeonhi1: k
2015.04.10 03:39:52 [G] Chaka: Follow the rules
2015.04.10 03:39:54 [G] pokeonhi1: ..
2015.04.10 03:39:55 [G] pokeonhi1: k
2015.04.10 03:41:48 [G] pokeonhi1: ur still on
2015.04.10 03:41:51 [G] pokeonhi1: so
2015.04.10 03:41:57 [G] pokeonhi1: I mean it's obvious
2015.04.10 03:42:24 [G] pokeonhi1: So you're going to try and pull it off?
2015.04.10 03:42:27 [G] pokeonhi1: nah
2015.04.10 03:42:30 [G] pokeonhi1: Won't work
2015.04.10 03:42:35 [G] pokeonhi1: You never left.
2015.04.10 03:50:59 [G] Chaka: connected with an Android device using MineChat
2015.04.10 03:51:30 [G] Chaka: connected with an Android device using MineChat
2015.04.10 04:10:23 [G] Pro_JellyFish: ima check
2015.04.10 04:10:37 [G] Chaka: connected with an Android device using MineChat
2015.04.10 04:10:45 [G] Chaka: connected with an Android device using MineChat
2015.04.10 04:10:52 [G] Pro_JellyFish: Nothing that i see
2015.04.10 04:10:52 [S] Chaka: penis
2015.04.10 04:10:58 [G] Chaka: ok
2015.04.10 04:11:03 [G] Pro_JellyFish: maaaaaaaaan
2015.04.10 04:11:06 [G] Chaka: in sawn
2015.04.10 04:11:13 [G] Pro_JellyFish: this server needs some little boys
2015.04.10 04:11:19 [G] Chaka: lol
2015.04.10 04:11:20 [G] Pro_JellyFish: we have 0
2015.04.10 04:11:51 [G] Pro_JellyFish: WHY IS IT SO HARD TO GET LITTLE BOYS TO PLAY WITH US
2015.04.10 04:13:04 [G] Pro_JellyFish: darn lol
2015.04.10 04:13:59 [G] Chaka: lol
2015.04.10 04:32:03 [G] Pro_JellyFish: I stole
2015.04.10 04:32:09 [G] Pro_JellyFish: I have xray mods
2015.04.10 04:32:13 [G] Pro_JellyFish: Fuck
2015.04.10 04:32:41 [G] Pro_JellyFish: NO
2015.04.10 04:33:20 [G] Chaka: connected with an Android device using MineChat
2015.04.10 16:56:29 Chaka -> JMGESSNER: Hi
2015.04.10 16:56:33 Chaka -> JMGESSNER: hi
2015.04.10 16:56:37 JMGESSNER -> Chaka: Hi
2015.04.10 16:56:44 Chaka -> JMGESSNER: asfdo;ihdsf
2015.04.10 16:56:45 Chaka -> JMGESSNER: YES
2015.04.10 16:56:47 Chaka -> JMGESSNER: IT WORKED
2015.04.10 17:10:34 [G] HeropvpYT: d
2015.04.10 17:10:36 [G] HeropvpYT: :d
2015.04.10 17:10:50 [G] HeropvpYT: Chaka
