2015.01.24 20:33:57 [G] blazer1357911: hai
2015.01.24 20:33:59 [G] Christophernjsp: Welcome back
2015.01.24 20:34:00 [G] Legeis: hi blazer1357911
2015.01.24 20:34:14 [G] blazer1357911: hello?
2015.01.24 20:48:16 [G] Christophernjsp: ./flashlight on
2015.01.24 20:48:32 [G] Christophernjsp: sdfsdfadsf
2015.01.25 00:22:50 [G] Christophernjsp: ddsf
2015.01.25 00:55:08 [G] Christophernjsp: im here to steal your soul
2015.01.25 00:55:08 [G] Christophernjsp: im here to steal your soult
2015.01.25 00:55:09 [G] Christophernjsp: im here to steal your soult
2015.01.25 00:55:09 [G] Christophernjsp: im here to steal your soult
2015.01.25 00:55:10 [G] Christophernjsp: im here to steal your soult
2015.01.25 00:55:10 [G] Christophernjsp: im here to steal your soult
2015.01.25 00:55:12 [G] Christophernjsp: im here to steal your soul
2015.01.25 00:55:12 [G] Christophernjsp: im here to steal your soul
2015.01.25 00:55:13 [G] Christophernjsp: im here to steal your soul
2015.01.25 00:55:14 [G] Christophernjsp: im here to steal your soul
2015.01.25 00:55:14 [G] Christophernjsp: im here to steal your soul
2015.01.25 00:55:14 [G] Christophernjsp: im here to steal your soul
2015.01.25 00:55:15 [G] Christophernjsp: im here to steal your soul
2015.01.25 00:55:15 [G] Christophernjsp: im here to steal your soul
2015.01.25 00:55:16 [G] Christophernjsp: im here to steal your soul
2015.01.25 00:55:17 [G] Christophernjsp: im here to steal your soul
2015.01.31 16:22:52 [G] Christophernjsp: wb
2015.01.31 16:22:57 [G] stspy212: ty
2015.01.31 16:23:22 [G] Christophernjsp: There may be some lag
2015.01.31 16:23:32 [G] stspy212: kk
2015.01.31 16:23:37 [G] Christophernjsp: Im working on a secret project, Shhh
2015.01.31 16:23:49 [G] stspy212: :o
2015.01.31 16:24:11 [G] Christophernjsp: Dont worry its going to be cool
2015.01.31 16:24:12 [G] stspy212: Can I build something at spawn?
2015.01.31 16:24:28 [G] Christophernjsp: Sure
2015.01.31 16:24:34 [G] stspy212: kk
2015.01.31 16:37:23 [G] Christophernjsp: afk for a bit
2015.01.31 16:37:28 [G] stspy212: kk
2015.01.31 16:56:57 [G] stspy212: Hi
2015.01.31 16:56:58 [G] boltsandhawks: connected with an Android device using MineChat
2015.01.31 16:57:15 [G] boltsandhawks: connected with an Android device using MineChat
2015.01.31 16:57:18 [G] boltsandhawks: hi
2015.01.31 16:57:29 [G] boltsandhawks: bye
2015.01.31 16:57:34 [G] stspy212: .
2015.01.31 17:18:04 [G] stspy212: Hi
2015.01.31 17:18:46 [G] steferner: hihihihihihi
2015.01.31 17:19:24 [G] steferner: do you have spigot?
2015.01.31 17:19:30 [G] stspy212: no
2015.01.31 17:20:55 [G] steferner: Laggggggggggggggggggggggggggggggggggggggggggggggggggggggggg
2015.01.31 17:21:18 [G] stspy212: Yeah, the owners say theyre working on something that might cause some lag
2015.01.31 17:51:08 [G] Christophernjsp: back
2015.01.31 17:51:12 [G] Christophernjsp: Now to make dinner
2015.01.31 17:51:13 [G] stspy212: wb
2015.01.31 17:52:30 [G] stspy212: I hate asking this, but can you give me a piece of quartz since I cant go to the nether? I need it
2015.01.31 17:52:34 [G] stspy212: for a comparator
2015.01.31 17:53:51 [G] stspy212: Hi
2015.01.31 17:53:54 [G] boltsandhawks: connected with an Android device using MineChat
2015.01.31 17:54:19 [G] boltsandhawks: heyo im on minechat if i die tell me..
2015.01.31 17:54:40 [G] boltsandhawks: anyways bye again
2015.01.31 18:08:13 [G] Christophernjsp: Ok back
2015.01.31 18:08:19 [G] stspy212: wb
2015.01.31 18:08:21 [G] Christophernjsp: My dinner is cooking!
2015.01.31 18:08:31 [G] stspy212: :o
2015.01.31 18:24:16 [G] stspy212: Do you think you could give me a piece of nether quartz since I cant go to the nether?
2015.01.31 18:25:27 [G] Christophernjsp: Qhy cant you go to the nether?
2015.01.31 18:25:48 [G] stspy212: The portal doesnt work
2015.01.31 18:26:41 [G] Christophernjsp: Hmm
2015.01.31 18:26:45 [G] Christophernjsp: Quick server restart
2015.02.04 22:52:50 [G] Chaka: adff
2015.02.04 22:52:55 [G] Legeis: test
2015.02.07 14:07:23 [G] JMGESSNER: [dofjasrfcv\
2015.02.07 14:07:25 [L] JMGESSNER has joined the channel.
2015.02.07 14:07:41 [E] Chaka has joined the channel.
2015.02.07 14:07:42 [T] Chaka has joined the channel.
2015.02.07 14:07:46 [L] Chaka has joined the channel.
2015.02.07 14:07:47 [W] Chaka has joined the channel.
2015.02.07 14:07:49 [S] Chaka has joined the channel.
2015.02.07 14:11:40 [G] Chaka: wb
2015.02.07 14:33:11 [G] Chaka: rdsgdfg
2015.03.08 02:53:26 [G] awsomwcj: wb
2015.03.08 02:53:32 [G] Chaka: HAH! It worked
2015.03.08 02:53:35 [G] awsomwcj: good
2015.03.08 02:58:30 [G] awsomwcj: gtg
2015.03.08 02:58:33 [G] Chaka: Cya
2015.03.08 03:04:35 [G] Chaka: asjohdas
2015.03.08 03:04:46 [G] addChaka: sdjhasd
2015.03.08 03:05:12 [G] removeChaka: ghi
2015.03.08 03:15:01 [G] Chaka: chat
2015.03.08 03:48:42 [G] Chaka: Hi stspy
2015.03.08 03:48:46 [G] [S] stspy212: Hi
2015.03.08 03:48:51 [G] Chaka: Wanna join ts
2015.03.08 03:50:05 [G] Chaka: ./pp list
2015.03.08 03:50:08 [G] Chaka: ./pp <particle>
2015.03.08 03:51:15 [G] [S] stspy212: Hi
2015.03.08 03:51:24 [G] Chaka: Hey legeis
2015.03.08 03:51:49 [G] Chaka: go to criliscraft.noip.me/store
2015.03.08 03:51:56 [G] Chaka: Im working on something cool
2015.03.08 03:52:03 [G] Chaka: Aka the donation system
2015.03.08 03:52:18 [G] Chaka: Stspy is in a sticky mess
2015.03.08 03:52:21 [G] Chaka: yes i am
2015.03.08 03:52:51 [G] [S] stspy212: Oh, I need to change my setting so I can see all of them
2015.03.08 03:52:57 [G] Chaka: heh
2015.03.08 03:53:09 [G] Chaka: legeis do you want to join us on ts
2015.03.08 03:53:31 [G] Chaka: Ok
2015.03.08 03:54:34 [G] Chaka: ./pp clear
2015.03.08 03:54:46 [G] [S] stspy212: Ok
2015.03.08 03:55:45 [G] Chaka: yes\
2015.03.08 03:56:05 [G] Chaka: Your not going to purchase teamspeak
2015.03.08 03:58:05 [G] Chaka: heh
2015.03.08 03:58:13 [G] Chaka: with some mafia dude
2015.03.08 03:58:30 [G] Chaka: I have my hotel room to my self
2015.03.08 03:59:20 [G] Chaka: Well. By myself i mean Me and Allison
2015.03.08 03:59:34 [G] Chaka: Yes i am
2015.03.08 04:01:19 [G] [S] stspy212: Its because we're in the same party
2015.03.08 04:02:17 [G] [S] stspy212: Chaka is getting the fishing skill from me fishing
2015.03.08 04:02:41 [G] Chaka: AWW!
2015.03.08 04:02:52 [G] Chaka: Im missing Curse Against Humanity
2015.03.08 04:03:52 [G] Chaka: Wait
2015.03.08 04:03:54 [G] Chaka: Legeis
2015.03.08 04:04:03 [G] Chaka: Look at this guy me and tfox found
2015.03.08 04:04:05 [G] Chaka: https://twitter.com/tfox83/status/574410287421472768
2015.03.08 04:04:32 [G] [S] stspy212: Yes
2015.03.08 04:04:36 [G] Chaka: HAH!
2015.03.08 04:04:45 [G] [S] stspy212: "Something doesn't sell quite right..."
2015.03.08 04:04:59 [G] Chaka: https://twitter.com/tfox83/status/574410287421472768
2015.03.08 04:05:00 [G] Chaka: https://twitter.com/tfox83/status/574410287421472768
2015.03.08 04:05:00 [G] Chaka: https://twitter.com/tfox83/status/574410287421472768
2015.03.08 04:05:02 [G] [S] stspy212: When I fished the potion it said that
2015.03.08 04:05:43 [G] Chaka: Ok sent it
2015.03.08 04:06:05 [G] Chaka: Ok Ill be home around 3 or 4 tomorrow
2015.03.08 04:06:40 [G] [S] stspy212: "BOOM TIME!!!"
2015.03.08 04:07:55 [G] [S] stspy212: 3rd time
2015.03.08 04:21:25 [G] [S] stspy212: yes
2015.03.08 04:21:47 [G] [S] stspy212: Its here
2015.03.08 04:30:17 [G] [S] stspy212: oh
2015.03.08 04:30:19 [G] [S] stspy212: lol
2015.03.08 04:31:50 [G] [S] stspy212: 25 silver
2015.03.08 04:32:13 [G] [S] stspy212: with flying
2015.03.08 04:33:12 [G] [S] stspy212: heh
2015.03.08 04:33:30 [G] [S] stspy212: .
2015.03.08 04:39:23 [G] [S] stspy212: yes
2015.03.08 04:40:30 [G] [S] stspy212: oh
2015.03.08 04:40:34 [G] [S] stspy212: :O
2015.03.08 04:51:41 [G] [S] stspy212: "This is the dismembered head of.. Wavebrother
2015.03.08 04:51:44 [G] [S] stspy212: "
2015.03.08 04:56:01 [G] [S] stspy212: Hello
2015.03.08 04:56:08 [G] IAMBeastly: hi
2015.03.08 05:02:43 [G] [S] stspy212: 2 gold
2015.03.08 05:04:14 [G] [S] stspy212: From the Mandingo
2015.03.08 05:04:52 [G] [S] stspy212: How did this sheep get up here
2015.03.08 05:09:15 [G] Chaka: C S 2
2015.03.08 05:16:09 [G] [S] stspy212: Hello
2015.03.08 05:16:12 [G] XGreyShadowX: hi
2015.03.08 05:31:24 [G] [S] stspy212: He took cobble from that griefed place in the desert
2015.03.08 05:31:37 [G] [S] stspy212: Then he rage quit
2015.03.08 05:51:19 [G] [S] stspy212: btw, apparently in the programing class Im in, we're learning javascript, not java
2015.03.08 05:57:47 [G] Chaka: Oh lol
2015.03.08 05:58:35 [G] [S] stspy212: I know a small amount of html from a forum I used to go on
2015.03.08 05:59:06 [G] [S] stspy212: And aparently we are going to work on html tomorrow in class
2015.03.08 05:59:43 [G] Chaka: <html><body><div style="color:red"><strong>STSPY!</strong></div></body></html>
2015.03.08 06:01:35 [G] [S] stspy212: Face out when you jump
2015.03.08 06:02:41 [G] [S] stspy212: :d
2015.03.08 06:06:39 [G] [S] stspy212: Ive actually seen a minigame a lot like that
2015.03.08 06:32:53 [G] [S] stspy212: dont do anything yet
2015.03.08 06:33:20 [G] [S] stspy212: Ok, this should work
2015.03.08 06:33:30 [G] [S] stspy212: sure
2015.03.08 06:33:36 [G] [S] stspy212: oh
2015.03.08 06:33:42 [G] [S] stspy212: go back
2015.03.08 06:34:54 [G] [S] stspy212: :D
2015.03.08 06:35:13 [G] [S] stspy212: I actually ment to do the block over you
2015.03.08 06:35:16 [G] [S] stspy212: Stay there
2015.03.08 06:36:02 [G] [S] stspy212: Ok
2015.03.08 06:36:21 [G] [S] stspy212: :D
2015.03.08 06:39:01 [G] Chaka: dsg'[ASF'
2015.03.08 06:43:12 [G] Chaka: http://thebest404pageever.com/swf/sexophone.swf
2015.03.08 06:49:26 [G] [S] stspy212: A desert temple is right on the world border
2015.03.08 06:50:31 [G] [S] stspy212: Hello
2015.03.08 06:50:39 [G] PubKun: what is this
2015.03.08 06:50:45 [G] Chaka: A survival server
2015.03.08 06:51:20 [S] Chaka: /pp clear
2015.03.08 06:51:21 [G] PubKun: hi
2015.03.08 06:52:18 [G] PubKun: U cant apply?
2015.03.08 06:52:33 [G] Chaka: No, Our staff members choose our staff.
2015.03.08 06:52:57 [G] PubKun: there is a Creeper
2015.03.08 06:53:31 [G] PubKun: brb
2015.03.08 06:56:26 [G] Chaka: https://www.youtube.com/watch?v=rp8hvyjZWHs
2015.03.08 07:06:21 [G] Chaka: stspy
2015.03.08 07:06:34 [G] Chaka: done
2015.03.08 07:12:47 [G] [S] stspy212: I should probably go
2015.03.08 07:12:53 [G] [S] stspy212: Bye
